<?xml version="1.0" encoding="UTF-8" ?>
<testsuite tests="2" failures="1" name="service.BookingMgmtTest" time="0.108" errors="0" skipped="0">
  <properties>
[...]
</properties>
  <testcase classname="service.BookingMgmtTest" name="service.BookingMgmtTest.testFindNearestCab" time="0.106">
    <failure message="Cannot invoke &quot;entity.Driver.isStatus()&quot; because the return value of &quot;java.util.concurrent.ConcurrentHashMap.get(Object)&quot; is null" type="java.lang.NullPointerException">java.lang.NullPointerException: Cannot invoke &quot;entity.Driver.isStatus()&quot; because the return value of &quot;java.util.concurrent.ConcurrentHashMap.get(Object)&quot; is null
	at service.BookingMgmt.lambda$findNearestCab$1(BookingMgmt.java:60)
	at java.base/java.util.stream.ReferencePipeline$2$1.accept(ReferencePipeline.java:176)
	at java.base/java.util.stream.ReferencePipeline$2$1.accept(ReferencePipeline.java:177)
	at java.base/java.util.concurrent.ConcurrentHashMap$EntrySpliterator.forEachRemaining(ConcurrentHashMap.java:3652)
	at java.base/java.util.stream.AbstractPipeline.copyInto(AbstractPipeline.java:484)
	at java.base/java.util.stream.AbstractPipeline.wrapAndCopyInto(AbstractPipeline.java:474)
	at java.base/java.util.stream.ReduceOps$ReduceOp.evaluateSequential(ReduceOps.java:913)
	at java.base/java.util.stream.AbstractPipeline.evaluate(AbstractPipeline.java:234)
	at java.base/java.util.stream.ReferencePipeline.collect(ReferencePipeline.java:578)
	at service.BookingMgmt.findNearestCab(BookingMgmt.java:62)
	at service.BookingMgmtTest.testFindNearestCab(BookingMgmtTest.java:73)
</failure>
    <system-out>Deserialising existing user map
Deserialized HashMap data{Pb3cfa54c-986a-40c8-a59e-d36dda1948cb=name:-&gt; qwe, phoneNo-&gt; 1234567890, avgRating-&gt; 0.0, location-&gt; lattitude = 1, longitude= 1, region= DELHI}
{Pb3cfa54c-986a-40c8-a59e-d36dda1948cb=name:-&gt; qwe, phoneNo-&gt; 1234567890, avgRating-&gt; 0.0, location-&gt; lattitude = 1, longitude= 1, region= DELHI}
Deserialising existing user booking map
Deserialized HashMap data{}
Deserialising existing dv map
Deserialized HashMap data{D518e253d-dd2c-4211-bfee-17042736f41e=VId: VB34bcc089-c3b4-42dd-b970-0868c0e6432b capacity: 2 base fare: 70.0 factor : 4.0, D53fef811-8935-4c3a-9ed9-068086b56228=VId: VA33fe3d10-b93e-43d6-a61c-3fcde618bd00 capacity: 3 base fare: 100.0 factor : 5.0}
Deserialising existing pay map
Deserialized HashMap data{}
Deserialising existing ride map
Deserialized HashMap data{}
name:-&gt; driver1, phoneNo-&gt; 5555555555, avgRating-&gt; 0.0, location-&gt; lattitude = 2, longitude= 2, region= DELHI, status=true
findNearestCab
A A
null
A A
name:-&gt; driver1, phoneNo-&gt; 5555555555, avgRating-&gt; 0.0, location-&gt; lattitude = 2, longitude= 2, region= DELHI, status=true
C A
name:-&gt; driver3, phoneNo-&gt; 5555555555, avgRating-&gt; 0.0, location-&gt; lattitude = 4, longitude= 4, region= DELHI, status=true
B A
null
B A
name:-&gt; driver2, phoneNo-&gt; 5555555555, avgRating-&gt; 0.0, location-&gt; lattitude = 3, longitude= 3, region= DELHI, status=true
</system-out>
  </testcase>
  <testcase classname="service.BookingMgmtTest" name="service.BookingMgmtTest.testCalculateFare" time="0.002"/>
</testsuite>